2026-03-06 15:42:40,425 - INFO - Pipeline started
2026-03-06 15:42:40,426 - INFO - Account created: acc_637d5929
2026-03-06 15:42:40,426 - INFO - Updated account to v2: acc_637d5929
2026-03-06 15:42:40,426 - INFO - Pipeline finished
2026-03-06 15:42:40,426 - INFO - Run summary: {'accounts_processed': 1, 'v1_generated': 1, 'v2_generated': 1, 'errors': 0}
2026-03-06 15:43:17,162 - INFO - Pipeline started
2026-03-06 15:43:17,163 - INFO - Account created: acc_637d5929
2026-03-06 15:43:17,163 - INFO - Updated account to v2: acc_637d5929
2026-03-06 15:43:17,164 - INFO - Pipeline finished
2026-03-06 15:43:17,164 - INFO - Run summary: {'accounts_processed': 1, 'v1_generated': 1, 'v2_generated': 1, 'errors': 0}
2026-03-06 15:44:45,549 - INFO - Pipeline started
2026-03-06 15:44:45,549 - INFO - Account created: acc_637d5929
2026-03-06 15:44:45,550 - INFO - Updated account to v2: acc_637d5929
2026-03-06 15:44:45,550 - INFO - Pipeline finished
2026-03-06 15:44:45,550 - INFO - Run summary: {'accounts_processed': 1, 'v1_generated': 1, 'v2_generated': 1, 'errors': 0}
2026-03-06 15:45:06,455 - INFO - Pipeline started
2026-03-06 15:45:06,456 - INFO - Account created: acc_637d5929
2026-03-06 15:45:06,457 - INFO - Updated account to v2: acc_637d5929
2026-03-06 15:45:06,457 - INFO - Pipeline finished
2026-03-06 15:45:06,457 - INFO - Run summary: {'accounts_processed': 1, 'v1_generated': 1, 'v2_generated': 1, 'errors': 0}
